系统检查:
产品: Windows(R) Operating System, RETAIL channel
版本构建号: 19041.3086
平台: x64
部份KEY: 3V66T
版本: Professional
状态 Notification

开始激活于 20 7月 2023 15:03:13...

正在安装KEY: VK7JG-NPHTM-C97JM-9MPGT-3V66T...
成功地安装了产品密钥 VK7JG-NPHTM-C97JM-9MPGT-3V66T。

为 帮助信息 生成许可...

系统检查:
产品: Windows(R) Operating System, RETAIL channel
版本构建号: 19041.3086
平台: x64
部份KEY: 3V66T
版本: Professional
状态 Notification

开始激活于 20 7月 2023 15:03:27...

正在安装KEY: VK7JG-NPHTM-C97JM-9MPGT-3V66T...
成功地安装了产品密钥 VK7JG-NPHTM-C97JM-9MPGT-3V66T。

为 帮助信息 生成许可...

系统检查:
产品: Windows(R) Operating System, RETAIL channel
版本构建号: 19041.3086
平台: x64
部份KEY: 3V66T
版本: Professional
状态 Notification

开始激活于 20 7月 2023 15:05:04...

正在安装KEY: VK7JG-NPHTM-C97JM-9MPGT-3V66T...
成功地安装了产品密钥 VK7JG-NPHTM-C97JM-9MPGT-3V66T。

为 帮助信息 生成许可...

系统检查:
产品: Windows(R) Operating System, RETAIL channel
版本构建号: 22621.2861
平台: x64
部份KEY: 3V66T
版本: Professional
状态 Licensed

开始激活于 14 4月 2024 13:40:50...

正在安装KEY: VK7JG-NPHTM-C97JM-9MPGT-3V66T...
成功地安装了产品密钥 VK7JG-NPHTM-C97JM-9MPGT-3V66T。

为 帮助信息 生成许可...

